# JRE version: Java(TM) SE Runtime Environment (8.0_25-b18) (build 1.8.0_25-b18)
# Java VM: Java HotSpot(TM) 64-Bit Server VM (25.25-b02 mixed mode windows-amd64 compressed oops)
Heap:
 PSYoungGen      total 71168K, used 25113K [0x00000000eab00000, 0x00000000f1200000, 0x0000000100000000)
  eden space 58880K, 21% used [0x00000000eab00000,0x00000000eb78e620,0x00000000ee480000)
  from space 12288K, 99% used [0x00000000ee480000,0x00000000ef0780f0,0x00000000ef080000)
  to   space 15872K, 0% used [0x00000000f0280000,0x00000000f0280000,0x00000000f1200000)
 ParOldGen       total 55296K, used 23176K [0x00000000c0000000, 0x00000000c3600000, 0x00000000eab00000)
  object space 55296K, 41% used [0x00000000c0000000,0x00000000c16a21a0,0x00000000c3600000)
 Metaspace       used 45369K, capacity 46206K, committed 46336K, reserved 1089536K
  class space    used 6214K, capacity 6391K, committed 6400K, reserved 1048576K
GC Heap History (10 events):
Event: 85.422 GC heap before
{Heap before GC invocations=19 (full 2):
 PSYoungGen      total 50176K, used 8261K [0x00000000eab00000, 0x00000000eef00000, 0x0000000100000000)
  eden space 40960K, 0% used [0x00000000eab00000,0x00000000eab00000,0x00000000ed300000)
  from space 9216K, 89% used [0x00000000ed300000,0x00000000edb11790,0x00000000edc00000)
  to   space 10240K, 0% used [0x00000000ee500000,0x00000000ee500000,0x00000000eef00000)
 ParOldGen       total 34304K, used 9781K [0x00000000c0000000, 0x00000000c2180000, 0x00000000eab00000)
  object space 34304K, 28% used [0x00000000c0000000,0x00000000c098d4c0,0x00000000c2180000)
 Metaspace       used 34857K, capacity 35378K, committed 35496K, reserved 1079296K
  class space    used 4622K, capacity 4792K, committed 4864K, reserved 1048576K
Event: 85.889 GC heap after
Heap after GC invocations=19 (full 2):
 PSYoungGen      total 50176K, used 0K [0x00000000eab00000, 0x00000000eef00000, 0x0000000100000000)
  eden space 40960K, 0% used [0x00000000eab00000,0x00000000eab00000,0x00000000ed300000)
  from space 9216K, 0% used [0x00000000ed300000,0x00000000ed300000,0x00000000edc00000)
  to   space 10240K, 0% used [0x00000000ee500000,0x00000000ee500000,0x00000000eef00000)
 ParOldGen       total 55296K, used 16628K [0x00000000c0000000, 0x00000000c3600000, 0x00000000eab00000)
  object space 55296K, 30% used [0x00000000c0000000,0x00000000c103d0a0,0x00000000c3600000)
 Metaspace       used 34857K, capacity 35378K, committed 35496K, reserved 1079296K
  class space    used 4622K, capacity 4792K, committed 4864K, reserved 1048576K
}
Event: 88.514 GC heap before
{Heap before GC invocations=20 (full 2):
 PSYoungGen      total 50176K, used 40960K [0x00000000eab00000, 0x00000000eef00000, 0x0000000100000000)
  eden space 40960K, 100% used [0x00000000eab00000,0x00000000ed300000,0x00000000ed300000)
  from space 9216K, 0% used [0x00000000ed300000,0x00000000ed300000,0x00000000edc00000)
  to   space 10240K, 0% used [0x00000000ee500000,0x00000000ee500000,0x00000000eef00000)
 ParOldGen       total 55296K, used 16628K [0x00000000c0000000, 0x00000000c3600000, 0x00000000eab00000)
  object space 55296K, 30% used [0x00000000c0000000,0x00000000c103d0a0,0x00000000c3600000)
 Metaspace       used 35985K, capacity 36554K, committed 36736K, reserved 1081344K
  class space    used 4790K, capacity 4927K, committed 4992K, reserved 1048576K
Event: 88.579 GC heap after
Heap after GC invocations=20 (full 2):
 PSYoungGen      total 59904K, used 5322K [0x00000000eab00000, 0x00000000eef80000, 0x0000000100000000)
  eden space 49664K, 0% used [0x00000000eab00000,0x00000000eab00000,0x00000000edb80000)
  from space 10240K, 51% used [0x00000000ee500000,0x00000000eea32980,0x00000000eef00000)
  to   space 9728K, 0% used [0x00000000edb80000,0x00000000edb80000,0x00000000ee500000)
 ParOldGen       total 55296K, used 16636K [0x00000000c0000000, 0x00000000c3600000, 0x00000000eab00000)
  object space 55296K, 30% used [0x00000000c0000000,0x00000000c103f0a0,0x00000000c3600000)
 Metaspace       used 35985K, capacity 36554K, committed 36736K, reserved 1081344K
  class space    used 4790K, capacity 4927K, committed 4992K, reserved 1048576K
}
Event: 95.560 GC heap before
{Heap before GC invocations=21 (full 2):
 PSYoungGen      total 59904K, used 54986K [0x00000000eab00000, 0x00000000eef80000, 0x0000000100000000)
  eden space 49664K, 100% used [0x00000000eab00000,0x00000000edb80000,0x00000000edb80000)
  from space 10240K, 51% used [0x00000000ee500000,0x00000000eea32980,0x00000000eef00000)
  to   space 9728K, 0% used [0x00000000edb80000,0x00000000edb80000,0x00000000ee500000)
 ParOldGen       total 55296K, used 16636K [0x00000000c0000000, 0x00000000c3600000, 0x00000000eab00000)
  object space 55296K, 30% used [0x00000000c0000000,0x00000000c103f0a0,0x00000000c3600000)
 Metaspace       used 40245K, capacity 40952K, committed 41216K, reserved 1085440K
  class space    used 5379K, capacity 5532K, committed 5632K, reserved 1048576K
Event: 95.602 GC heap after
Heap after GC invocations=21 (full 2):
 PSYoungGen      total 59392K, used 8306K [0x00000000eab00000, 0x00000000efa80000, 0x0000000100000000)
  eden space 49664K, 0% used [0x00000000eab00000,0x00000000eab00000,0x00000000edb80000)
  from space 9728K, 85% used [0x00000000edb80000,0x00000000ee39ca98,0x00000000ee500000)
  to   space 10240K, 0% used [0x00000000ef080000,0x00000000ef080000,0x00000000efa80000)
 ParOldGen       total 55296K, used 16644K [0x00000000c0000000, 0x00000000c3600000, 0x00000000eab00000)
  object space 55296K, 30% used [0x00000000c0000000,0x00000000c10410a0,0x00000000c3600000)
 Metaspace       used 40245K, capacity 40952K, committed 41216K, reserved 1085440K
  class space    used 5379K, capacity 5532K, committed 5632K, reserved 1048576K
}
Event: 99.707 GC heap before
{Heap before GC invocations=22 (full 2):
 PSYoungGen      total 59392K, used 57970K [0x00000000eab00000, 0x00000000efa80000, 0x0000000100000000)
  eden space 49664K, 100% used [0x00000000eab00000,0x00000000edb80000,0x00000000edb80000)
  from space 9728K, 85% used [0x00000000edb80000,0x00000000ee39ca98,0x00000000ee500000)
  to   space 10240K, 0% used [0x00000000ef080000,0x00000000ef080000,0x00000000efa80000)
 ParOldGen       total 55296K, used 16644K [0x00000000c0000000, 0x00000000c3600000, 0x00000000eab00000)
  object space 55296K, 30% used [0x00000000c0000000,0x00000000c10410a0,0x00000000c3600000)
 Metaspace       used 42231K, capacity 42866K, committed 43008K, reserved 1087488K
  class space    used 5694K, capacity 5819K, committed 5888K, reserved 1048576K
Event: 99.764 GC heap after
Heap after GC invocations=22 (full 2):
 PSYoungGen      total 69120K, used 10232K [0x00000000eab00000, 0x00000000eff00000, 0x0000000100000000)
  eden space 58880K, 0% used [0x00000000eab00000,0x00000000eab00000,0x00000000ee480000)
  from space 10240K, 99% used [0x00000000ef080000,0x00000000efa7e070,0x00000000efa80000)
  to   space 12288K, 0% used [0x00000000ee480000,0x00000000ee480000,0x00000000ef080000)
 ParOldGen       total 55296K, used 18624K [0x00000000c0000000, 0x00000000c3600000, 0x00000000eab00000)
  object space 55296K, 33% used [0x00000000c0000000,0x00000000c12300a8,0x00000000c3600000)
 Metaspace       used 42231K, capacity 42866K, committed 43008K, reserved 1087488K
  class space    used 5694K, capacity 5819K, committed 5888K, reserved 1048576K
}
Event: 106.588 GC heap before
{Heap before GC invocations=23 (full 2):
 PSYoungGen      total 69120K, used 69112K [0x00000000eab00000, 0x00000000eff00000, 0x0000000100000000)
  eden space 58880K, 100% used [0x00000000eab00000,0x00000000ee480000,0x00000000ee480000)
  from space 10240K, 99% used [0x00000000ef080000,0x00000000efa7e070,0x00000000efa80000)
  to   space 12288K, 0% used [0x00000000ee480000,0x00000000ee480000,0x00000000ef080000)
 ParOldGen       total 55296K, used 18624K [0x00000000c0000000, 0x00000000c3600000, 0x00000000eab00000)
  object space 55296K, 33% used [0x00000000c0000000,0x00000000c12300a8,0x00000000c3600000)
 Metaspace       used 44719K, capacity 45524K, committed 45824K, reserved 1089536K
  class space    used 6103K, capacity 6310K, committed 6400K, reserved 1048576K
Event: 106.769 GC heap after
Heap after GC invocations=23 (full 2):
 PSYoungGen      total 71168K, used 12256K [0x00000000eab00000, 0x00000000f1200000, 0x0000000100000000)
  eden space 58880K, 0% used [0x00000000eab00000,0x00000000eab00000,0x00000000ee480000)
  from space 12288K, 99% used [0x00000000ee480000,0x00000000ef0780f0,0x00000000ef080000)
  to   space 15872K, 0% used [0x00000000f0280000,0x00000000f0280000,0x00000000f1200000)
 ParOldGen       total 55296K, used 23176K [0x00000000c0000000, 0x00000000c3600000, 0x00000000eab00000)
  object space 55296K, 41% used [0x00000000c0000000,0x00000000c16a21a0,0x00000000c3600000)
 Metaspace       used 44719K, capacity 45524K, committed 45824K, reserved 1089536K
  class space    used 6103K, capacity 6310K, committed 6400K, reserved 1048576K
}

